New log file opened at Tue Oct 13 20:44:18 CEST 2015 by 6141@KoenVanLoocks-MacBook-Pro.local
Taking next connection to: 65434
New client attempting to connect on port: 65435-65434
  Address = /192.168.1.9:65434
This client on port 65435 has uuid 323e6e10-3ec4-4f24-bdc2-1276457b15ae configName play-fork-run humanReadableName Play Fork Run protocolVersion 1 featureTags Vector()
Connected Clients: play-fork-run-323e6e10-3ec4-4f24-bdc2-1276457b15ae
Taking next connection to: 65434
Checking to see if clients are empty...
We have 1 non-daemon clients, continuing serving connections.
Taking next connection to: 65434
Checking to see if clients are empty...
We have 1 non-daemon clients, continuing serving connections.
Taking next connection to: 65434
Checking to see if clients are empty...
We have 1 non-daemon clients, continuing serving connections.
Taking next connection to: 65434
Checking to see if clients are empty...
No non-daemon clients connected after 3 min. Shutting down.
Server socket thread exiting.
0 clients open, will close them...
All client sockets have been closed.
Closing the 6141@KoenVanLoocks-MacBook-Pro.local logs at Tue Oct 13 20:56:18 CEST 2015, goodbye.
